<?xml version="1.0" encoding="UTF-8"?>
<!-- Generated by org.testng.reporters.JUnitReportReporter -->
<testsuite hostname="hp-pc" failures="0" tests="1" name="com.crm.autodesk.OrganizationTest.CreateOrganizationWithIndustry" time="68.367" errors="0" timestamp="2021-09-15T11:20:34 IST" skipped="0">
  <testcase classname="com.crm.autodesk.OrganizationTest.CreateOrganizationWithIndustry" name="createOrganizationWithIndusryTest" time="68.367"/>
  <system-out/>
</testsuite> <!-- com.crm.autodesk.OrganizationTest.CreateOrganizationWithIndustry -->
