<?xml version="1.0" encoding="UTF-8"?>
<!-- Generated by org.testng.reporters.JUnitReportReporter -->
<testsuite hostname="hp-pc" failures="0" tests="1" name="com.crm.practice.DynamicWebTable" time="92.247" errors="0" timestamp="2021-09-07T16:34:29 IST" skipped="0">
  <testcase classname="com.crm.practice.DynamicWebTable" name="handlingDynamicWebtable" time="92.247"/>
  <system-out/>
</testsuite> <!-- com.crm.practice.DynamicWebTable -->
