<?xml version="1.0" encoding="UTF-8"?>
<!-- Generated by org.testng.reporters.JUnitReportReporter -->
<testsuite hostname="hp-pc" failures="0" tests="1" name="com.crm.autodesk.OrganizationTest.TC_02_CreateOrganizationTest" time="54.986" errors="0" timestamp="2021-09-15T17:01:54 IST" skipped="0">
  <testcase classname="com.crm.autodesk.OrganizationTest.TC_02_CreateOrganizationTest" name="createOrganizationTest" time="54.986"/>
  <system-out>
    <![CDATA[org link has been clicked
create org link has been clicked
Organization has been cretaed
Verification successfull]]>
  </system-out>
</testsuite> <!-- com.crm.autodesk.OrganizationTest.TC_02_CreateOrganizationTest -->
