<?xml version="1.0" encoding="UTF-8"?>
<!-- Generated by org.testng.reporters.JUnitReportReporter -->
<testsuite hostname="hp-pc" failures="0" tests="1" name="com.crm.practice.ReadFromXML" time="0.039" errors="0" timestamp="2021-09-07T13:50:57 IST" skipped="0">
  <testcase classname="com.crm.practice.ReadFromXML" name="readDataFromXML" time="0.039"/>
  <system-out/>
</testsuite> <!-- com.crm.practice.ReadFromXML -->
