<?xml version="1.0" encoding="UTF-8"?>
<!-- Generated by org.testng.reporters.JUnitReportReporter -->
<testsuite hostname="hp-pc" failures="0" tests="3" name="com.crm.autodesk.ContactsTests.DemoRunner" time="122.140" errors="0" timestamp="2021-09-15T15:38:56 IST" skipped="0">
  <testcase classname="com.crm.autodesk.ContactsTests.DemoRunner" name="demo" time="52.248"/>
  <system-out/>
  <testcase classname="com.crm.autodesk.ContactsTests.DemoRunner" name="demo" time="45.847"/>
  <system-out/>
  <testcase classname="com.crm.autodesk.ContactsTests.DemoRunner" name="demo" time="24.045"/>
  <system-out/>
</testsuite> <!-- com.crm.autodesk.ContactsTests.DemoRunner -->
